| epoch   1 |   500/ 1782 batches | accuracy    0.468
| epoch   1 |  1000/ 1782 batches | accuracy    0.703
| epoch   1 |  1500/ 1782 batches | accuracy    0.789
-----------------------------------------------------------
| end of epoch   1 | time: 113.76s | valid accuracy    0.843 
-----------------------------------------------------------
| epoch   2 |   500/ 1782 batches | accuracy    0.860
| epoch   2 |  1000/ 1782 batches | accuracy    0.879
| epoch   2 |  1500/ 1782 batches | accuracy    0.888
-----------------------------------------------------------
| end of epoch   2 | time: 114.51s | valid accuracy    0.905 
-----------------------------------------------------------
| epoch   3 |   500/ 1782 batches | accuracy    0.907
| epoch   3 |  1000/ 1782 batches | accuracy    0.910
| epoch   3 |  1500/ 1782 batches | accuracy    0.916
-----------------------------------------------------------
| end of epoch   3 | time: 116.37s | valid accuracy    0.916 
-----------------------------------------------------------
| epoch   4 |   500/ 1782 batches | accuracy    0.928
| epoch   4 |  1000/ 1782 batches | accuracy    0.927
| epoch   4 |  1500/ 1782 batches | accuracy    0.927
-----------------------------------------------------------
| end of epoch   4 | time: 113.27s | valid accuracy    0.917 
-----------------------------------------------------------
| epoch   5 |   500/ 1782 batches | accuracy    0.940
| epoch   5 |  1000/ 1782 batches | accuracy    0.939
| epoch   5 |  1500/ 1782 batches | accuracy    0.940
-----------------------------------------------------------
| end of epoch   5 | time: 113.06s | valid accuracy    0.920 
-----------------------------------------------------------
| epoch   6 |   500/ 1782 batches | accuracy    0.950
| epoch   6 |  1000/ 1782 batches | accuracy    0.948
| epoch   6 |  1500/ 1782 batches | accuracy    0.948
-----------------------------------------------------------
| end of epoch   6 | time: 115.51s | valid accuracy    0.919 
-----------------------------------------------------------
| epoch   7 |   500/ 1782 batches | accuracy    0.966
| epoch   7 |  1000/ 1782 batches | accuracy    0.966
| epoch   7 |  1500/ 1782 batches | accuracy    0.965
-----------------------------------------------------------
| end of epoch   7 | time: 115.04s | valid accuracy    0.924 
-----------------------------------------------------------
| epoch   8 |   500/ 1782 batches | accuracy    0.969
| epoch   8 |  1000/ 1782 batches | accuracy    0.969
| epoch   8 |  1500/ 1782 batches | accuracy    0.968
-----------------------------------------------------------
| end of epoch   8 | time: 114.74s | valid accuracy    0.923 
-----------------------------------------------------------
| epoch   9 |   500/ 1782 batches | accuracy    0.972
| epoch   9 |  1000/ 1782 batches | accuracy    0.973
| epoch   9 |  1500/ 1782 batches | accuracy    0.973
-----------------------------------------------------------
| end of epoch   9 | time: 116.09s | valid accuracy    0.923 
-----------------------------------------------------------
| epoch  10 |   500/ 1782 batches | accuracy    0.973
| epoch  10 |  1000/ 1782 batches | accuracy    0.972
| epoch  10 |  1500/ 1782 batches | accuracy    0.973
-----------------------------------------------------------
| end of epoch  10 | time: 116.26s | valid accuracy    0.924 
-----------------------------------------------------------
Checking the results of the test dataset.
test accuracy    0.916
This is a Sci/Tec news
